0 info it worked if it ends with ok
1 verbose cli [ '/home/komate/.nvm/versions/node/v4.0.0/bin/node',
1 verbose cli   '/home/komate/.nvm/versions/node/v4.0.0/bin/npm',
1 verbose cli   'install',
1 verbose cli   'grunt',
1 verbose cli   '-g' ]
2 info using npm@2.1.4
3 info using node@v4.0.0
4 silly cache add args [ 'grunt', null ]
5 verbose cache add spec grunt
6 silly cache add parsed spec Result {
6 silly cache add   raw: 'grunt',
6 silly cache add   scope: null,
6 silly cache add   name: 'grunt',
6 silly cache add   rawSpec: '',
6 silly cache add   spec: '*',
6 silly cache add   type: 'range' }
7 verbose addNamed grunt@*
8 silly addNamed semver.valid null
9 silly addNamed semver.validRange *
10 silly addNameRange { name: 'grunt', range: '*', hasData: false }
11 verbose mapToRegistry name grunt
12 verbose mapToRegistry uri https://registry.npmjs.org/grunt
13 verbose addNameRange registry:https://registry.npmjs.org/grunt not in flight; fetching
14 verbose request on initialization, where is /grunt
15 verbose request after pass 1, where is /grunt
16 verbose request url raw /grunt
17 verbose request resolving registry [ 'https://registry.npmjs.org/', './grunt' ]
18 verbose request after pass 2, where is https://registry.npmjs.org/grunt
19 verbose request no auth needed
20 info attempt registry request try #1 at 1:23:14 PM
21 verbose request id 707009ea77f2e8cb
22 verbose etag "5YEFYMA1L26OYT9U8BG3J286F"
23 http request GET https://registry.npmjs.org/grunt
24 http 304 https://registry.npmjs.org/grunt
25 silly registry.get cb [ 304,
25 silly registry.get   { date: 'Thu, 26 May 2016 11:23:15 GMT',
25 silly registry.get     via: '1.1 varnish',
25 silly registry.get     'cache-control': 'max-age=300',
25 silly registry.get     etag: '"5YEFYMA1L26OYT9U8BG3J286F"',
25 silly registry.get     age: '245',
25 silly registry.get     connection: 'close',
25 silly registry.get     'x-served-by': 'cache-fra1232-FRA',
25 silly registry.get     'x-cache': 'HIT',
25 silly registry.get     'x-cache-hits': '6',
25 silly registry.get     'x-timer': 'S1464261795.126963,VS0,VE0',
25 silly registry.get     vary: 'Accept-Encoding' } ]
26 verbose etag https://registry.npmjs.org/grunt from cache
27 silly addNameRange number 2 { name: 'grunt', range: '*', hasData: true }
28 silly addNameRange versions [ 'grunt',
28 silly addNameRange   [ '0.1.0',
28 silly addNameRange     '0.1.1',
28 silly addNameRange     '0.1.2',
28 silly addNameRange     '0.2.0',
28 silly addNameRange     '0.2.1',
28 silly addNameRange     '0.2.2',
28 silly addNameRange     '0.2.3',
28 silly addNameRange     '0.2.4',
28 silly addNameRange     '0.2.5',
28 silly addNameRange     '0.2.6',
28 silly addNameRange     '0.2.7',
28 silly addNameRange     '0.2.8',
28 silly addNameRange     '0.2.9',
28 silly addNameRange     '0.2.10',
28 silly addNameRange     '0.2.11',
28 silly addNameRange     '0.2.12',
28 silly addNameRange     '0.2.13',
28 silly addNameRange     '0.2.14',
28 silly addNameRange     '0.2.15',
28 silly addNameRange     '0.3.0',
28 silly addNameRange     '0.3.1',
28 silly addNameRange     '0.3.2',
28 silly addNameRange     '0.3.3',
28 silly addNameRange     '0.3.4',
28 silly addNameRange     '0.3.5',
28 silly addNameRange     '0.3.6',
28 silly addNameRange     '0.3.7',
28 silly addNameRange     '0.3.8',
28 silly addNameRange     '0.3.9',
28 silly addNameRange     '0.3.10',
28 silly addNameRange     '0.3.11',
28 silly addNameRange     '0.3.12',
28 silly addNameRange     '0.3.13',
28 silly addNameRange     '0.3.14',
28 silly addNameRange     '0.3.15',
28 silly addNameRange     '0.3.16',
28 silly addNameRange     '0.3.17',
28 silly addNameRange     '0.4.0',
28 silly addNameRange     '0.4.1',
28 silly addNameRange     '0.4.2',
28 silly addNameRange     '0.4.3',
28 silly addNameRange     '0.4.4',
28 silly addNameRange     '0.4.5',
28 silly addNameRange     '1.0.0-rc1',
28 silly addNameRange     '1.0.0',
28 silly addNameRange     '1.0.1',
28 silly addNameRange     '0.3.13-a',
28 silly addNameRange     '0.4.0-a',
28 silly addNameRange     '0.4.0-rc1',
28 silly addNameRange     '0.4.0-rc2',
28 silly addNameRange     '0.4.0-rc3',
28 silly addNameRange     '0.4.0-rc4',
28 silly addNameRange     '0.4.0-rc5',
28 silly addNameRange     '0.4.0-rc6',
28 silly addNameRange     '0.4.0-rc7',
28 silly addNameRange     '0.4.0-rc8' ] ]
29 verbose addNamed grunt@1.0.1
30 silly addNamed semver.valid 1.0.1
31 silly addNamed semver.validRange 1.0.1
32 silly cache afterAdd grunt@1.0.1
33 verbose afterAdd /home/komate/.npm/grunt/1.0.1/package/package.json not in flight; writing
34 verbose afterAdd /home/komate/.npm/grunt/1.0.1/package/package.json written
35 silly install resolved [ { name: 'grunt',
35 silly install resolved     description: 'The JavaScript Task Runner',
35 silly install resolved     version: '1.0.1',
35 silly install resolved     author:
35 silly install resolved      { name: 'Grunt Development Team',
35 silly install resolved        url: 'http://gruntjs.com/development-team' },
35 silly install resolved     homepage: 'http://gruntjs.com/',
35 silly install resolved     repository: { type: 'git', url: 'git+https://github.com/gruntjs/grunt.git' },
35 silly install resolved     license: 'MIT',
35 silly install resolved     engines: { node: '>=0.10.0' },
35 silly install resolved     scripts: { test: 'grunt test', 'test-tap': 'grunt test:tap' },
35 silly install resolved     main: 'lib/grunt',
35 silly install resolved     bin: { grunt: 'bin/grunt' },
35 silly install resolved     keywords:
35 silly install resolved      [ 'task',
35 silly install resolved        'async',
35 silly install resolved        'cli',
35 silly install resolved        'minify',
35 silly install resolved        'uglify',
35 silly install resolved        'build',
35 silly install resolved        'lodash',
35 silly install resolved        'unit',
35 silly install resolved        'test',
35 silly install resolved        'qunit',
35 silly install resolved        'nodeunit',
35 silly install resolved        'server',
35 silly install resolved        'init',
35 silly install resolved        'scaffold',
35 silly install resolved        'make',
35 silly install resolved        'jake',
35 silly install resolved        'tool' ],
35 silly install resolved     dependencies:
35 silly install resolved      { 'coffee-script': '~1.10.0',
35 silly install resolved        dateformat: '~1.0.12',
35 silly install resolved        eventemitter2: '~0.4.13',
35 silly install resolved        exit: '~0.1.1',
35 silly install resolved        'findup-sync': '~0.3.0',
35 silly install resolved        glob: '~7.0.0',
35 silly install resolved        'grunt-cli': '~1.2.0',
35 silly install resolved        'grunt-known-options': '~1.1.0',
35 silly install resolved        'grunt-legacy-log': '~1.0.0',
35 silly install resolved        'grunt-legacy-util': '~1.0.0',
35 silly install resolved        'iconv-lite': '~0.4.13',
35 silly install resolved        'js-yaml': '~3.5.2',
35 silly install resolved        minimatch: '~3.0.0',
35 silly install resolved        nopt: '~3.0.6',
35 silly install resolved        'path-is-absolute': '~1.0.0',
35 silly install resolved        rimraf: '~2.2.8' },
35 silly install resolved     devDependencies:
35 silly install resolved      { difflet: '~0.2.3',
35 silly install resolved        'grunt-contrib-jshint': '~1.0.0',
35 silly install resolved        'grunt-contrib-nodeunit': '~0.4.1',
35 silly install resolved        'grunt-contrib-watch': '~1.0.0',
35 silly install resolved        'grunt-jscs': '~2.8.0',
35 silly install resolved        semver: '2.1.0',
35 silly install resolved        shelljs: '~0.5.3',
35 silly install resolved        temporary: '~0.0.4',
35 silly install resolved        through2: '~2.0.0' },
35 silly install resolved     files: [ 'lib', 'bin' ],
35 silly install resolved     contributors: [ [Object], [Object], [Object], [Object], [Object] ],
35 silly install resolved     gitHead: '8ada4948b69c6ec9b1e956b5e6b2e6814fa054ca',
35 silly install resolved     bugs: { url: 'https://github.com/gruntjs/grunt/issues' },
35 silly install resolved     _id: 'grunt@1.0.1',
35 silly install resolved     _shasum: 'e8778764e944b18f32bb0f10b9078475c9dfb56b',
35 silly install resolved     _from: 'grunt@*',
35 silly install resolved     _npmVersion: '2.15.2',
35 silly install resolved     _nodeVersion: '4.4.1',
35 silly install resolved     _npmUser: { name: 'shama', email: 'kyle@dontkry.com' },
35 silly install resolved     maintainers: [ [Object], [Object], [Object], [Object] ],
35 silly install resolved     dist:
35 silly install resolved      { shasum: 'e8778764e944b18f32bb0f10b9078475c9dfb56b',
35 silly install resolved        tarball: 'https://registry.npmjs.org/grunt/-/grunt-1.0.1.tgz' },
35 silly install resolved     _npmOperationalInternal:
35 silly install resolved      { host: 'packages-12-west.internal.npmjs.com',
35 silly install resolved        tmp: 'tmp/grunt-1.0.1.tgz_1459880209209_0.8634267684537917' },
35 silly install resolved     directories: {},
35 silly install resolved     _resolved: 'https://registry.npmjs.org/grunt/-/grunt-1.0.1.tgz',
35 silly install resolved     readme: 'ERROR: No README data found!' } ]
36 info install grunt@1.0.1 into /home/komate/.nvm/versions/node/v4.0.0/lib
37 info installOne grunt@1.0.1
38 verbose installOne of grunt to /home/komate/.nvm/versions/node/v4.0.0/lib not in flight; installing
39 verbose lock using /home/komate/.npm/_locks/grunt-0209e42a4e41da58.lock for /home/komate/.nvm/versions/node/v4.0.0/lib/node_modules/grunt
40 silly install write writing grunt 1.0.1 to /home/komate/.nvm/versions/node/v4.0.0/lib/node_modules/grunt
41 silly cache addNamed cb grunt@1.0.1
42 verbose unbuild lib/node_modules/grunt
43 verbose gentlyRm vacuuming /home/komate/.nvm/versions/node/v4.0.0/lib/node_modules/grunt
44 verbose tar unpack /home/komate/.npm/grunt/1.0.1/package.tgz
45 verbose tar unpacking to /home/komate/.nvm/versions/node/v4.0.0/lib/node_modules/grunt
46 verbose gentlyRm vacuuming /home/komate/.nvm/versions/node/v4.0.0/lib/node_modules/grunt
47 silly gunzTarPerm modes [ '755', '644' ]
48 verbose fstream_path /home/komate/.nvm/versions/node/v4.0.0/lib/node_modules/grunt
49 verbose fstream_type Directory
50 verbose fstream_class DirWriter
51 verbose stack Error: EACCES: permission denied, mkdir '/home/komate/.nvm/versions/node/v4.0.0/lib/node_modules/grunt'
51 verbose stack     at Error (native)
52 verbose fstream_stack /home/komate/.nvm/versions/node/v4.0.0/lib/node_modules/npm/node_modules/fstream/lib/dir-writer.js:36:23
52 verbose fstream_stack /home/komate/.nvm/versions/node/v4.0.0/lib/node_modules/npm/node_modules/mkdirp/index.js:46:53
52 verbose fstream_stack FSReqWrap.oncomplete (fs.js:82:15)
53 verbose cwd /media/virgoMedia/WWW/nodejs/loginPassport
54 error Linux 3.16.0-4-amd64
55 error argv "/home/komate/.nvm/versions/node/v4.0.0/bin/node" "/home/komate/.nvm/versions/node/v4.0.0/bin/npm" "install" "grunt" "-g"
56 error node v4.0.0
57 error npm  v2.1.4
58 error path /home/komate/.nvm/versions/node/v4.0.0/lib/node_modules/grunt
59 error code EACCES
60 error errno -13
61 error syscall mkdir
62 error Error: EACCES: permission denied, mkdir '/home/komate/.nvm/versions/node/v4.0.0/lib/node_modules/grunt'
62 error     at Error (native)
62 error  { [Error: EACCES: permission denied, mkdir '/home/komate/.nvm/versions/node/v4.0.0/lib/node_modules/grunt']
62 error   errno: -13,
62 error   code: 'EACCES',
62 error   syscall: 'mkdir',
62 error   path: '/home/komate/.nvm/versions/node/v4.0.0/lib/node_modules/grunt',
62 error   fstream_type: 'Directory',
62 error   fstream_path: '/home/komate/.nvm/versions/node/v4.0.0/lib/node_modules/grunt',
62 error   fstream_class: 'DirWriter',
62 error   fstream_stack:
62 error    [ '/home/komate/.nvm/versions/node/v4.0.0/lib/node_modules/npm/node_modules/fstream/lib/dir-writer.js:36:23',
62 error      '/home/komate/.nvm/versions/node/v4.0.0/lib/node_modules/npm/node_modules/mkdirp/index.js:46:53',
62 error      'FSReqWrap.oncomplete (fs.js:82:15)' ] }
63 error Please try running this command again as root/Administrator.
64 verbose exit [ -13, true ]
